<?xml version="1.0" encoding="UTF-8"?>
<!-- Generated by org.testng.reporters.JUnitReportReporter -->
<testsuite hostname="MYPC" failures="0" tests="3" name="com.crm.fileutility.MutipleTestcase" time="5.355" errors="1" timestamp="2025-01-08T16:28:00 IST" skipped="1">
  <testcase classname="com.crm.fileutility.MutipleTestcase" name="csk" time="1.041">
    <error message="Method com.crm.fileutility.MutipleTestcase.csk() didn&#039;t finish within the time-out 1000" type="org.testng.internal.thread.ThreadTimeoutException">
      <![CDATA[org.testng.internal.thread.ThreadTimeoutException: Method com.crm.fileutility.MutipleTestcase.csk() didn't finish within the time-out 1000
at java.base@17.0.6/sun.security.ssl.Authenticator$SSLNullMac.<init>(Authenticator.java:524)
at java.base@17.0.6/sun.security.ssl.Authenticator.nullTlsMac(Authenticator.java:95)
at java.base@17.0.6/sun.security.ssl.SSLCipher$SSLReadCipher.nullTlsReadCipher(SSLCipher.java:627)
at java.base@17.0.6/sun.security.ssl.SSLSocketInputRecord.<init>(SSLSocketInputRecord.java:63)
at java.base@17.0.6/sun.security.ssl.SSLSocketImpl.<init>(SSLSocketImpl.java:125)
at java.base@17.0.6/sun.security.ssl.SSLSocketFactoryImpl.createSocket(SSLSocketFactoryImpl.java:72)
at java.base@17.0.6/javax.net.ssl.SSLContextSpi.getDefaultSocket(SSLContextSpi.java:168)
at java.base@17.0.6/javax.net.ssl.SSLContextSpi.engineGetDefaultSSLParameters(SSLContextSpi.java:193)
at java.base@17.0.6/javax.net.ssl.SSLContext.getDefaultSSLParameters(SSLContext.java:471)
at platform/java.net.http@17.0.6/jdk.internal.net.http.HttpClientImpl.getDefaultParams(HttpClientImpl.java:354)
at platform/java.net.http@17.0.6/jdk.internal.net.http.HttpClientImpl.<init>(HttpClientImpl.java:317)
at platform/java.net.http@17.0.6/jdk.internal.net.http.HttpClientImpl.create(HttpClientImpl.java:270)
at platform/java.net.http@17.0.6/jdk.internal.net.http.HttpClientBuilderImpl.build(HttpClientBuilderImpl.java:135)
at app//org.openqa.selenium.remote.http.jdk.JdkHttpClient.<init>(JdkHttpClient.java:159)
at app//org.openqa.selenium.remote.http.jdk.JdkHttpClient$Factory.createClient(JdkHttpClient.java:478)
at app//org.openqa.selenium.remote.HttpCommandExecutor.<init>(HttpCommandExecutor.java:114)
at app//org.openqa.selenium.remote.HttpCommandExecutor.<init>(HttpCommandExecutor.java:91)
at app//org.openqa.selenium.remote.service.DriverCommandExecutor.<init>(DriverCommandExecutor.java:87)
at app//org.openqa.selenium.chromium.ChromiumDriverCommandExecutor.<init>(ChromiumDriverCommandExecutor.java:44)
at app//org.openqa.selenium.chrome.ChromeDriver$ChromeDriverCommandExecutor.<init>(ChromeDriver.java:114)
at app//org.openqa.selenium.chrome.ChromeDriver.generateExecutor(ChromeDriver.java:104)
at app//org.openqa.selenium.chrome.ChromeDriver.<init>(ChromeDriver.java:89)
at app//org.openqa.selenium.chrome.ChromeDriver.<init>(ChromeDriver.java:84)
at app//org.openqa.selenium.chrome.ChromeDriver.<init>(ChromeDriver.java:52)
at app//com.crm.fileutility.MutipleTestcase.csk(MutipleTestcase.java:23)
at java.base@17.0.6/jdk.internal.reflect.NativeMethodAccessorImpl.invoke0(Native Method)
at java.base@17.0.6/jdk.internal.reflect.NativeMethodAccessorImpl.invoke(NativeMethodAccessorImpl.java:77)
at java.base@17.0.6/jdk.internal.reflect.DelegatingMethodAccessorImpl.invoke(DelegatingMethodAccessorImpl.java:43)
at java.base@17.0.6/java.lang.reflect.Method.invoke(Method.java:568)
at app//org.testng.internal.invokers.MethodInvocationHelper.invokeMethod(MethodInvocationHelper.java:141)
at app//org.testng.internal.invokers.InvokeMethodRunnable.runOne(InvokeMethodRunnable.java:47)
at app//org.testng.internal.invokers.InvokeMethodRunnable.call(InvokeMethodRunnable.java:76)
at app//org.testng.internal.invokers.InvokeMethodRunnable.call(InvokeMethodRunnable.java:11)
at java.base@17.0.6/java.util.concurrent.FutureTask.run(FutureTask.java:264)
at java.base@17.0.6/java.util.concurrent.ThreadPoolExecutor.runWorker(ThreadPoolExecutor.java:1136)
at java.base@17.0.6/java.util.concurrent.ThreadPoolExecutor$Worker.run(ThreadPoolExecutor.java:635)
at java.base@17.0.6/java.lang.Thread.run(Thread.java:833)
]]>
    </error>
  </testcase> <!-- csk -->
  <testcase classname="com.crm.fileutility.MutipleTestcase" name="dws" time="4.314"/>
  <testcase classname="com.crm.fileutility.MutipleTestcase" name="rcb" time="0.000">
    <skipped/>
  </testcase> <!-- rcb -->
</testsuite> <!-- com.crm.fileutility.MutipleTestcase -->
